#
# There is insufficient memory for the Java Runtime Environment to continue.
# Native memory allocation (malloc) failed to allocate 32744 bytes for ChunkPool::allocate
# Possible reasons:
#   The system is out of physical RAM or swap space
#   In 32 bit mode, the process size limit was hit
# Possible solutions:
#   Reduce memory load on the system
#   Increase physical memory or swap space
#   Check if swap backing store is full
#   Use 64 bit Java on a 64 bit OS
#   Decrease Java heap size (-Xmx/-Xms)
#   Decrease number of Java threads
#   Decrease Java thread stack sizes (-Xss)
#   Set larger code cache with -XX:ReservedCodeCacheSize=
# This output file may be truncated or incomplete.
#
#  Out of Memory Error (allocation.cpp:273), pid=15928, tid=15076
#
# JRE version: Java(TM) SE Runtime Environment (8.0_51-b16) (build 1.8.0_51-b16)
# Java VM: Java HotSpot(TM) 64-Bit Server VM (25.51-b03 mixed mode windows-amd64 compressed oops)
# Failed to write core dump. Minidumps are not enabled by default on client versions of Windows
#

---------------  T H R E A D  ---------------

Current thread (0x000000001524c000):  JavaThread "C1 CompilerThread2" daemon [_thread_in_native, id=15076, stack(0x0000000016950000,0x0000000016a50000)]

Stack: [0x0000000016950000,0x0000000016a50000]
Native frames: (J=compiled Java code, j=interpreted, Vv=VM code, C=native code)
V  [jvm.dll+0x32b4ca]
V  [jvm.dll+0x2797e3]
V  [jvm.dll+0x27a479]
V  [jvm.dll+0x271765]
V  [jvm.dll+0xcb824]
V  [jvm.dll+0xcba47]
V  [jvm.dll+0xcbecc]
V  [jvm.dll+0x42fafb]
V  [jvm.dll+0x2c8e0c]
V  [jvm.dll+0x42f040]
V  [jvm.dll+0x4191c0]
V  [jvm.dll+0x405e0d]
V  [jvm.dll+0x406280]
V  [jvm.dll+0x4063b2]
V  [jvm.dll+0x406581]
V  [jvm.dll+0x40678f]
V  [jvm.dll+0xa43a2]
V  [jvm.dll+0xa4cdf]
V  [jvm.dll+0x2418a4]
V  [jvm.dll+0x29846a]
C  [msvcr100.dll+0x21d9f]
C  [msvcr100.dll+0x21e3b]
C  [KERNEL32.DLL+0x8364]
C  [ntdll.dll+0x65e91]


Current CompileTask:
C1:    380   24       3       java.io.DataInputStream::readUTF (501 bytes)


---------------  P R O C E S S  ---------------

Java Threads: ( => current thread )
  0x0000000016a55800 JavaThread "Service Thread" daemon [_thread_blocked, id=18224, stack(0x0000000016e50000,0x0000000016f50000)]
=>0x000000001524c000 JavaThread "C1 CompilerThread2" daemon [_thread_in_native, id=15076, stack(0x0000000016950000,0x0000000016a50000)]
  0x00000000151fb800 JavaThread "C2 CompilerThread1" daemon [_thread_blocked, id=12268, stack(0x0000000016850000,0x0000000016950000)]
  0x00000000151f8800 JavaThread "C2 CompilerThread0" daemon [_thread_blocked, id=10288, stack(0x0000000016750000,0x0000000016850000)]
  0x00000000151f6800 JavaThread "Attach Listener" daemon [_thread_blocked, id=14852, stack(0x0000000016650000,0x0000000016750000)]
  0x00000000151f5000 JavaThread "Signal Dispatcher" daemon [_thread_blocked, id=9668, stack(0x0000000016550000,0x0000000016650000)]
  0x0000000002b10800 JavaThread "Finalizer" daemon [_thread_blocked, id=2504, stack(0x0000000016450000,0x0000000016550000)]
  0x0000000002b0d000 JavaThread "Reference Handler" daemon [_thread_blocked, id=15636, stack(0x0000000016350000,0x0000000016450000)]
  0x0000000002a20800 JavaThread "main" [_thread_blocked, id=7804, stack(0x00000000027e0000,0x00000000028e0000)]

Other Threads:
  0x00000000151b8000 VMThread [stack: 0x0000000016250000,0x0000000016350000] [id=16800]
  0x0000000016a56800 WatcherThread [stack: 0x0000000016f50000,0x0000000017050000] [id=18744]

VM state:at safepoint (normal execution)

VM Mutex/Monitor currently owned by a thread:  ([mutex/lock_event])
[0x000000000291c590] Threads_lock - owner thread: 0x00000000151b8000
[0x000000000291cb10] Heap_lock - owner thread: 0x0000000002a20800

Heap:
 PSYoungGen      total 38400K, used 512K [0x00000000eab00000, 0x00000000ed580000, 0x0000000100000000)
  eden space 33280K, 0% used [0x00000000eab00000,0x00000000eab00000,0x00000000ecb80000)
  from space 5120K, 10% used [0x00000000ecb80000,0x00000000ecc00020,0x00000000ed080000)
  to   space 5120K, 0% used [0x00000000ed080000,0x00000000ed080000,0x00000000ed580000)
 ParOldGen       total 87552K, used 0K [0x00000000c0000000, 0x00000000c5580000, 0x00000000eab00000)
  object space 87552K, 0% used [0x00000000c0000000,0x00000000c0000000,0x00000000c5580000)
 Metaspace       used 2806K, capacity 4480K, committed 4480K, reserved 1062912K
  class space    used 303K, capacity 384K, committed 384K, reserved 1048576K

Card table byte_map: [0x0000000011ee0000,0x00000000120f0000] byte_map_base: 0x00000000118e0000

Marking Bits: (ParMarkBitMap*) 0x0000000072284040
 Begin Bits: [0x0000000012650000, 0x0000000013650000)
 End Bits:   [0x0000000013650000, 0x0000000014650000)

Polling page: 0x0000000000f70000

CodeCache: size=245760Kb used=1104Kb max_used=1115Kb free=244655Kb
 bounds [0x0000000002b20000, 0x0000000002d90000, 0x0000000011b20000]
 total_blobs=266 nmethods=24 adapters=156
 compilation: enabled

Compilation events (10 events):
Event: 0.319 Thread 0x000000001524c000 nmethod 19 0x0000000002c2f910 code [0x0000000002c2fac0, 0x0000000002c2fef8]
Event: 0.320 Thread 0x000000001524c000   20       3       java.lang.String::equals (81 bytes)
Event: 0.321 Thread 0x000000001524c000 nmethod 20 0x0000000002c30110 code [0x0000000002c302a0, 0x0000000002c307f0]
Event: 0.330 Thread 0x000000001524c000   21       3       java.io.BufferedInputStream::getBufIfOpen (21 bytes)
Event: 0.330 Thread 0x000000001524c000 nmethod 21 0x0000000002c32010 code [0x0000000002c32180, 0x0000000002c323a8]
Event: 0.330 Thread 0x000000001524c000   22       3       java.lang.String::<init> (62 bytes)
Event: 0.331 Thread 0x000000001524c000 nmethod 22 0x0000000002c32490 code [0x0000000002c32640, 0x0000000002c32a78]
Event: 0.331 Thread 0x000000001524c000   23  s    3       java.io.BufferedInputStream::read (49 bytes)
Event: 0.331 Thread 0x000000001524c000 nmethod 23 0x0000000002c32c90 code [0x0000000002c32e20, 0x0000000002c33358]
Event: 0.331 Thread 0x000000001524c000   24       3       java.io.DataInputStream::readUTF (501 bytes)

GC Heap History (0 events):
No events

Deoptimization events (0 events):
No events

Internal exceptions (2 events):
Event: 0.165 Thread 0x0000000002a20800 Exception <a 'java/lang/NoSuchMethodError': Method sun.misc.Unsafe.defineClass(Ljava/lang/String;[BII)Ljava/lang/Class; name or signature does not match> (0x00000000eab0d478) thrown at [C:\re\workspace\8-2-build-windows-amd64-cygwin\jdk8u51\3951\hotspot\srN-!.Å?
Event: 0.165 Thread 0x0000000002a20800 Exception <a 'java/lang/NoSuchMethodError': Method sun.misc.Unsafe.prefetchRead(Ljava/lang/Object;J)V name or signature does not match> (0x00000000eab0d708) thrown at [C:\re\workspace\8-2-build-windows-amd64-cygwin\jdk8u51\3951\hotspot\src\share\vm\prims\j

Events (10 events):
Event: 0.328 loading class sun/util/calendar/ZoneInfo
Event: 0.328 loading class sun/util/calendar/ZoneInfo done
Event: 0.329 loading class sun/util/calendar/ZoneInfoFile
Event: 0.329 loading class sun/util/calendar/ZoneInfoFile done
Event: 0.329 loading class sun/util/calendar/ZoneInfoFile$1
Event: 0.329 loading class sun/util/calendar/ZoneInfoFile$1 done
Event: 0.329 loading class java/io/DataInputStream
Event: 0.329 loading class java/io/DataInput
Event: 0.329 loading class java/io/DataInput done
Event: 0.329 loading class java/io/DataInputStream done


Dynamic libraries:
0x00007ff70ab50000 - 0x00007ff70ab87000 	C:\Program Files\Java\jdk1.8.0_51\bin\java.exe
0x00007ff844840000 - 0x00007ff844a11000 	C:\WINDOWS\SYSTEM32\ntdll.dll
0x00007ff8420c0000 - 0x00007ff84216b000 	C:\WINDOWS\System32\KERNEL32.DLL
0x00007ff840e30000 - 0x00007ff84104d000 	C:\WINDOWS\System32\KERNELBASE.dll
0x00007ff843db0000 - 0x00007ff843e52000 	C:\WINDOWS\System32\ADVAPI32.dll
0x00007ff8444c0000 - 0x00007ff84455e000 	C:\WINDOWS\System32\msvcrt.dll
0x00007ff842000000 - 0x00007ff842059000 	C:\WINDOWS\System32\sechost.dll
0x00007ff8421c0000 - 0x00007ff8422e1000 	C:\WINDOWS\System32\RPCRT4.dll
0x00007ff841dd0000 - 0x00007ff841f35000 	C:\WINDOWS\System32\USER32.dll
0x00007ff8414a0000 - 0x00007ff8414be000 	C:\WINDOWS\System32\win32u.dll
0x00007ff844800000 - 0x00007ff844834000 	C:\WINDOWS\System32\GDI32.dll
0x00007ff841ba0000 - 0x00007ff841d22000 	C:\WINDOWS\System32\gdi32full.dll
0x00007ff83b4c0000 - 0x00007ff83b739000 	C:\WINDOWS\WinSxS\amd64_microsoft.windows.common-controls_6595b64144ccf1df_6.0.14393.0_none_2d0f50fcbdb171b8\COMCTL32.dll
0x00007ff8422f0000 - 0x00007ff8425b7000 	C:\WINDOWS\System32\combase.dll
0x00007ff840d30000 - 0x00007ff840e25000 	C:\WINDOWS\System32\ucrtbase.dll
0x00007ff841430000 - 0x00007ff84149a000 	C:\WINDOWS\System32\bcryptPrimitives.dll
0x00007ff842190000 - 0x00007ff8421be000 	C:\WINDOWS\System32\IMM32.DLL
0x0000000071500000 - 0x00000000715d2000 	C:\Program Files\Java\jdk1.8.0_51\jre\bin\msvcr100.dll
0x0000000071a80000 - 0x0000000072303000 	C:\Program Files\Java\jdk1.8.0_51\jre\bin\server\jvm.dll
0x00007ff842170000 - 0x00007ff842178000 	C:\WINDOWS\System32\PSAPI.DLL
0x00007ff8322a0000 - 0x00007ff8322a9000 	C:\WINDOWS\SYSTEM32\WSOCK32.dll
0x00007ff842650000 - 0x00007ff8426ba000 	C:\WINDOWS\System32\WS2_32.dll
0x00007ff83f160000 - 0x00007ff83f183000 	C:\WINDOWS\SYSTEM32\WINMM.dll
0x00007ff83b740000 - 0x00007ff83b74a000 	C:\WINDOWS\SYSTEM32\VERSION.dll
0x00007ff83f100000 - 0x00007ff83f12b000 	C:\WINDOWS\SYSTEM32\WINMMBASE.dll
0x00007ff841050000 - 0x00007ff841092000 	C:\WINDOWS\System32\cfgmgr32.dll
0x0000000072550000 - 0x000000007255f000 	C:\Program Files\Java\jdk1.8.0_51\jre\bin\verify.dll
0x0000000071970000 - 0x0000000071999000 	C:\Program Files\Java\jdk1.8.0_51\jre\bin\java.dll
0x0000000071950000 - 0x0000000071966000 	C:\Program Files\Java\jdk1.8.0_51\jre\bin\zip.dll
0x00007ff8428a0000 - 0x00007ff843da8000 	C:\WINDOWS\System32\SHELL32.dll
0x00007ff8414c0000 - 0x00007ff841b9a000 	C:\WINDOWS\System32\windows.storage.dll
0x00007ff840ce0000 - 0x00007ff840d2c000 	C:\WINDOWS\System32\powrprof.dll
0x00007ff8425c0000 - 0x00007ff842612000 	C:\WINDOWS\System32\shlwapi.dll
0x00007ff840cd0000 - 0x00007ff840cdf000 	C:\WINDOWS\System32\kernel.appcore.dll
0x00007ff8410a0000 - 0x00007ff841149000 	C:\WINDOWS\System32\shcore.dll
0x00007ff840ca0000 - 0x00007ff840cb4000 	C:\WINDOWS\System32\profapi.dll
0x00007ff837540000 - 0x00007ff8376d2000 	C:\WINDOWS\SYSTEM32\dbghelp.dll

VM Arguments:
jvm_args: -Djava.awt.headless=true -Xmx1024M -Dfile.encoding=windows-1252 -Duser.country=US -Duser.language=en -Duser.variant 
java_command: com.android.dx.command.Main --dex --force-jumbo --num-threads=4 --multi-dex --output C:\Users\Agam\AndroidStudioProjects\Simply\app\build\intermediates\transforms\dex\debug\folders\1000\5\slice_4 C:\Users\Agam\AndroidStudioProjects\Simply\app\build\intermediates\transforms\instantRunSlicer\debug\folders\1\5\slice_4
java_class_path (initial): C:\Users\Agam\AppData\Local\Android\sdk\build-tools\23.0.3\lib\dx.jar
Launcher Type: SUN_STANDARD

Environment Variables:
JAVA_HOME=C:\Program Files\Java\jdk1.8.0_51
PATH=C:\ProgramData\Oracle\Java\javapath;C:\Users\Agam\gcc\bin;C:\Users\Agam\gcc\libexec\gcc\x86_64-pc-mingw32\5.2.0;C:\Program Files\Java\jdk1.8.0_51\bin;C:\WINDOWS\system32;C:\WINDOWS;C:\WINDOWS\System32\Wbem;C:\WINDOWS\System32\WindowsPowerShell\v1.0\;C:\Program Files (x86)\MySQL\MySQL Fabric 1.5 & MySQL Utilities 1.5\;C:\Program Files (x86)\MySQL\MySQL Fabric 1.5 & MySQL Utilities 1.5\Doctrine extensions for PHP\;C:\Program Files (x86)\NVIDIA Corporation\PhysX\Common;C:\Program Files (x86)\Windows Live\Shared;C:\WINDOWS\system32;C:\WINDOWS;C:\WINDOWS\System32\Wbem;C:\WINDOWS\System32\WindowsPowerShell\v1.0\;C:\Users\Agam\AppData\Local\Microsoft\WindowsApps;
USERNAME=Agam
OS=Windows_NT
PROCESSOR_IDENTIFIER=Intel64 Family 6 Model 69 Stepping 1, GenuineIntel



---------------  S Y S T E M  ---------------

OS: Windows 10.0 , 64 bit Build 14393 (10.0.14393.0)

CPU:total 4 (2 cores per cpu, 2 threads per core) family 6 model 69 stepping 1, cmov, cx8, fxsr, mmx, sse, sse2, sse3, ssse3, sse4.1, sse4.2, popcnt, avx, avx2, aes, clmul, erms, lzcnt, ht, tsc, tscinvbit, bmi1, bmi2

Memory: 4k page, physical 8318808k(2025644k free), swap 9751384k(30976k free)

vm_info: Java HotSpot(TM) 64-Bit Server VM (25.51-b03) for windows-amd64 JRE (1.8.0_51-b16), built on Jun  8 2015 18:03:07 by "java_re" with MS VC++ 10.0 (VS2010)

time: Sat Oct 22 09:46:53 2016
elapsed time: 0 seconds (0d 0h 0m 0s)

