#
# There is insufficient memory for the Java Runtime Environment to continue.
# Native memory allocation (malloc) failed to allocate 32784 bytes for Chunk::new
# Possible reasons:
#   The system is out of physical RAM or swap space
#   In 32 bit mode, the process size limit was hit
# Possible solutions:
#   Reduce memory load on the system
#   Increase physical memory or swap space
#   Check if swap backing store is full
#   Use 64 bit Java on a 64 bit OS
#   Decrease Java heap size (-Xmx/-Xms)
#   Decrease number of Java threads
#   Decrease Java thread stack sizes (-Xss)
#   Set larger code cache with -XX:ReservedCodeCacheSize=
# This output file may be truncated or incomplete.
#
#  Out of Memory Error (allocation.cpp:390), pid=13012, tid=14132
#
# JRE version: Java(TM) SE Runtime Environment (8.0_51-b16) (build 1.8.0_51-b16)
# Java VM: Java HotSpot(TM) 64-Bit Server VM (25.51-b03 mixed mode windows-amd64 compressed oops)
# Failed to write core dump. Minidumps are not enabled by default on client versions of Windows
#

---------------  T H R E A D  ---------------

Current thread (0x0000000014f1c800):  JavaThread "C2 CompilerThread0" daemon [_thread_in_native, id=14132, stack(0x0000000016470000,0x0000000016570000)]

Stack: [0x0000000016470000,0x0000000016570000]
Native frames: (J=compiled Java code, j=interpreted, Vv=VM code, C=native code)
V  [jvm.dll+0x32b4ca]


Current CompileTask:
C2:   5995 1579       4       com.android.dx.ssa.SCCP::simulateBlock (54 bytes)


---------------  P R O C E S S  ---------------

Java Threads: ( => current thread )
  0x00000000169c9000 JavaThread "pool-2-thread-4" [_thread_blocked, id=14168, stack(0x0000000017170000,0x0000000017270000)]
  0x00000000169c8000 JavaThread "pool-2-thread-3" [_thread_in_Java, id=12488, stack(0x0000000017070000,0x0000000017170000)]
  0x0000000016a44000 JavaThread "pool-2-thread-2" [_thread_blocked, id=11344, stack(0x0000000016f70000,0x0000000017070000)]
  0x0000000016a42800 JavaThread "pool-3-thread-1" [_thread_blocked, id=14496, stack(0x0000000016e70000,0x0000000016f70000)]
  0x0000000016a42000 JavaThread "pool-2-thread-1" [_thread_in_Java, id=17748, stack(0x0000000016d70000,0x0000000016e70000)]
  0x0000000016775800 JavaThread "Service Thread" daemon [_thread_blocked, id=10304, stack(0x0000000016b70000,0x0000000016c70000)]
  0x0000000014f7c000 JavaThread "C1 CompilerThread2" daemon [_thread_blocked, id=15248, stack(0x0000000016670000,0x0000000016770000)]
  0x0000000014f71000 JavaThread "C2 CompilerThread1" daemon [_thread_in_native, id=16108, stack(0x0000000016570000,0x0000000016670000)]
=>0x0000000014f1c800 JavaThread "C2 CompilerThread0" daemon [_thread_in_native, id=14132, stack(0x0000000016470000,0x0000000016570000)]
  0x0000000014f1a800 JavaThread "Attach Listener" daemon [_thread_blocked, id=4856, stack(0x0000000016370000,0x0000000016470000)]
  0x0000000014f19800 JavaThread "Signal Dispatcher" daemon [_thread_blocked, id=7428, stack(0x0000000016270000,0x0000000016370000)]
  0x0000000002840800 JavaThread "Finalizer" daemon [_thread_blocked, id=11040, stack(0x0000000016170000,0x0000000016270000)]
  0x000000000283d000 JavaThread "Reference Handler" daemon [_thread_blocked, id=11272, stack(0x0000000016070000,0x0000000016170000)]
  0x0000000002750800 JavaThread "main" [_thread_in_Java, id=15616, stack(0x0000000002650000,0x0000000002750000)]

Other Threads:
  0x0000000014ee8000 VMThread [stack: 0x0000000015f70000,0x0000000016070000] [id=5488]
  0x0000000016776800 WatcherThread [stack: 0x0000000016c70000,0x0000000016d70000] [id=2248]

VM state:not at safepoint (normal execution)

VM Mutex/Monitor currently owned by a thread: None

Heap:
 PSYoungGen      total 38400K, used 22368K [0x00000000eab00000, 0x00000000ef600000, 0x0000000100000000)
  eden space 33280K, 51% used [0x00000000eab00000,0x00000000ebbd9cd8,0x00000000ecb80000)
  from space 5120K, 99% used [0x00000000ed080000,0x00000000ed57e470,0x00000000ed580000)
  to   space 5120K, 0% used [0x00000000ecb80000,0x00000000ecb80000,0x00000000ed080000)
 ParOldGen       total 87552K, used 4969K [0x00000000c0000000, 0x00000000c5580000, 0x00000000eab00000)
  object space 87552K, 5% used [0x00000000c0000000,0x00000000c04da718,0x00000000c5580000)
 Metaspace       used 6171K, capacity 7088K, committed 7296K, reserved 1056768K
  class space    used 593K, capacity 616K, committed 640K, reserved 1048576K

Card table byte_map: [0x0000000011c10000,0x0000000011e20000] byte_map_base: 0x0000000011610000

Marking Bits: (ParMarkBitMap*) 0x0000000072284040
 Begin Bits: [0x0000000012380000, 0x0000000013380000)
 End Bits:   [0x0000000013380000, 0x0000000014380000)

Polling page: 0x0000000000cf0000

CodeCache: size=245760Kb used=7157Kb max_used=7157Kb free=238602Kb
 bounds [0x0000000002850000, 0x0000000002f60000, 0x0000000011850000]
 total_blobs=1894 nmethods=1624 adapters=182
 compilation: enabled

Compilation events (10 events):
Event: 5.864 Thread 0x0000000014f71000 1633       4       java.util.HashMap::resize (359 bytes)
Event: 5.864 Thread 0x0000000014f7c000 nmethod 1628 0x0000000002f4bcd0 code [0x0000000002f4bec0, 0x0000000002f4c8e8]
Event: 5.864 Thread 0x0000000014f7c000 1630       3       com.android.dx.dex.code.RopTranslator::<init> (190 bytes)
Event: 5.865 Thread 0x0000000014f7c000 nmethod 1630 0x0000000002f4a010 code [0x0000000002f4a260, 0x0000000002f4b3b8]
Event: 5.875 Thread 0x0000000014f71000 nmethod 1633 0x0000000002f4e750 code [0x0000000002f4e8e0, 0x0000000002f4ee38]
Event: 5.875 Thread 0x0000000014f71000 1635       4       java.util.ArrayList::removeRange (75 bytes)
Event: 5.878 Thread 0x0000000014f71000 nmethod 1635 0x0000000002f3cdd0 code [0x0000000002f3cf20, 0x0000000002f3d098]
Event: 5.878 Thread 0x0000000014f71000 1634       4       java.util.ArrayList$SubList::removeRange (47 bytes)
Event: 5.882 Thread 0x0000000014f71000 nmethod 1634 0x0000000002f49a10 code [0x0000000002f49b60, 0x0000000002f49dd8]
Event: 5.882 Thread 0x0000000014f71000 1636       4       com.android.dx.dex.code.RopToDop::dopFor (792 bytes)

GC Heap History (4 events):
Event: 3.258 GC heap before
{Heap before GC invocations=1 (full 0):
 PSYoungGen      total 38400K, used 33280K [0x00000000eab00000, 0x00000000ed580000, 0x0000000100000000)
  eden space 33280K, 100% used [0x00000000eab00000,0x00000000ecb80000,0x00000000ecb80000)
  from space 5120K, 0% used [0x00000000ed080000,0x00000000ed080000,0x00000000ed580000)
  to   space 5120K, 0% used [0x00000000ecb80000,0x00000000ecb80000,0x00000000ed080000)
 ParOldGen       total 87552K, used 0K [0x00000000c0000000, 0x00000000c5580000, 0x00000000eab00000)
  object space 87552K, 0% used [0x00000000c0000000,0x00000000c0000000,0x00000000c5580000)
 Metaspace       used 5996K, capacity 6960K, committed 7040K, reserved 1056768K
  class space    used 592K, capacity 616K, committed 640K, reserved 1048576K
Event: 3.273 GC heap after
Heap after GC invocations=1 (full 0):
 PSYoungGen      total 38400K, used 5104K [0x00000000eab00000, 0x00000000ed580000, 0x0000000100000000)
  eden space 33280K, 0% used [0x00000000eab00000,0x00000000eab00000,0x00000000ecb80000)
  from space 5120K, 99% used [0x00000000ecb80000,0x00000000ed07c050,0x00000000ed080000)
  to   space 5120K, 0% used [0x00000000ed080000,0x00000000ed080000,0x00000000ed580000)
 ParOldGen       total 87552K, used 879K [0x00000000c0000000, 0x00000000c5580000, 0x00000000eab00000)
  object space 87552K, 1% used [0x00000000c0000000,0x00000000c00dbc00,0x00000000c5580000)
 Metaspace       used 5996K, capacity 6960K, committed 7040K, reserved 1056768K
  class space    used 592K, capacity 616K, committed 640K, reserved 1048576K
}
Event: 5.539 GC heap before
{Heap before GC invocations=2 (full 0):
 PSYoungGen      total 38400K, used 38384K [0x00000000eab00000, 0x00000000ed580000, 0x0000000100000000)
  eden space 33280K, 100% used [0x00000000eab00000,0x00000000ecb80000,0x00000000ecb80000)
  from space 5120K, 99% used [0x00000000ecb80000,0x00000000ed07c050,0x00000000ed080000)
  to   space 5120K, 0% used [0x00000000ed080000,0x00000000ed080000,0x00000000ed580000)
 ParOldGen       total 87552K, used 879K [0x00000000c0000000, 0x00000000c5580000, 0x00000000eab00000)
  object space 87552K, 1% used [0x00000000c0000000,0x00000000c00dbc00,0x00000000c5580000)
 Metaspace       used 6155K, capacity 7088K, committed 7296K, reserved 1056768K
  class space    used 593K, capacity 616K, committed 640K, reserved 1048576K
Event: 5.721 GC heap after
Heap after GC invocations=2 (full 0):
 PSYoungGen      total 38400K, used 5113K [0x00000000eab00000, 0x00000000ef600000, 0x0000000100000000)
  eden space 33280K, 0% used [0x00000000eab00000,0x00000000eab00000,0x00000000ecb80000)
  from space 5120K, 99% used [0x00000000ed080000,0x00000000ed57e470,0x00000000ed580000)
  to   space 5120K, 0% used [0x00000000ecb80000,0x00000000ecb80000,0x00000000ed080000)
 ParOldGen       total 87552K, used 4969K [0x00000000c0000000, 0x00000000c5580000, 0x00000000eab00000)
  object space 87552K, 5% used [0x00000000c0000000,0x00000000c04da718,0x00000000c5580000)
 Metaspace       used 6155K, capacity 7088K, committed 7296K, reserved 1056768K
  class space    used 593K, capacity 616K, committed 640K, reserved 1048576K
}

Deoptimization events (10 events):
Event: 4.787 Thread 0x0000000002750800 Uncommon trap: reason=class_check action=maybe_recompile pc=0x0000000002e61ef0 method=com.android.dx.rop.code.RegisterSpec.withSimpleType()Lcom/android/dx/rop/code/RegisterSpec; @ 21
Event: 4.790 Thread 0x0000000002750800 Uncommon trap: reason=class_check action=maybe_recompile pc=0x0000000002e61ef0 method=com.android.dx.rop.code.RegisterSpec.withSimpleType()Lcom/android/dx/rop/code/RegisterSpec; @ 21
Event: 5.740 Thread 0x00000000169c8000 Uncommon trap: reason=unstable_if action=reinterpret pc=0x0000000002e61bb8 method=com.android.dx.rop.code.RegisterSpecSet.localItemToSpec(Lcom/android/dx/rop/code/LocalItem;)Lcom/android/dx/rop/code/RegisterSpec; @ 35
Event: 5.747 Thread 0x0000000016a42000 Uncommon trap: reason=class_check action=maybe_recompile pc=0x0000000002ee93d4 method=com.android.dx.cf.code.RopperMachine.run(Lcom/android/dx/cf/code/Frame;II)V @ 988
Event: 5.750 Thread 0x0000000016a42000 Uncommon trap: reason=unstable_if action=reinterpret pc=0x0000000002e52628 method=com.android.dx.ssa.SCCP.simulateBranch(Lcom/android/dx/ssa/SsaInsn;)V @ 64
Event: 5.800 Thread 0x0000000016a42000 Uncommon trap: reason=unstable_if action=reinterpret pc=0x0000000002ed72f0 method=com.android.dx.rop.code.LocalVariableInfo.mergeStarts(ILcom/android/dx/rop/code/RegisterSpecSet;)Z @ 31
Event: 5.800 Thread 0x0000000016a42000 Uncommon trap: reason=class_check action=maybe_recompile pc=0x0000000002ee93d4 method=com.android.dx.cf.code.RopperMachine.run(Lcom/android/dx/cf/code/Frame;II)V @ 988
Event: 5.800 Thread 0x0000000016a42000 Uncommon trap: reason=class_check action=maybe_recompile pc=0x0000000002ee93d4 method=com.android.dx.cf.code.RopperMachine.run(Lcom/android/dx/cf/code/Frame;II)V @ 988
Event: 5.800 Thread 0x0000000016a42000 Uncommon trap: reason=class_check action=maybe_recompile pc=0x0000000002ee93d4 method=com.android.dx.cf.code.RopperMachine.run(Lcom/android/dx/cf/code/Frame;II)V @ 988
Event: 5.822 Thread 0x0000000002750800 Uncommon trap: reason=unstable_if action=reinterpret pc=0x0000000002da91dc method=com.android.dx.ssa.SCCP.simulateStmt(Lcom/android/dx/ssa/SsaInsn;)V @ 53

Internal exceptions (3 events):
Event: 0.063 Thread 0x0000000002750800 Exception <a 'java/lang/NoSuchMethodError': Method sun.misc.Unsafe.defineClass(Ljava/lang/String;[BII)Ljava/lang/Class; name or signature does not match> (0x00000000eab0d530) thrown at [C:\re\workspace\8-2-build-windows-amd64-cygwin\jdk8u51\3951\hotspot\srÑvž°?
Event: 0.063 Thread 0x0000000002750800 Exception <a 'java/lang/NoSuchMethodError': Method sun.misc.Unsafe.prefetchRead(Ljava/lang/Object;J)V name or signature does not match> (0x00000000eab0d7c0) thrown at [C:\re\workspace\8-2-build-windows-amd64-cygwin\jdk8u51\3951\hotspot\src\share\vm\prims\jµãÏ‡&ó@
Event: 2.369 Thread 0x0000000016a42000 Implicit null exception at 0x0000000002ba235c to 0x0000000002ba4d05

Events (10 events):
Event: 5.800 Thread 0x0000000016a42000 DEOPT UNPACKING pc=0x000000000289582a sp=0x0000000016e6e358 mode 2
Event: 5.800 Thread 0x0000000016a42000 Uncommon trap: trap_request=0xffffffde fr.pc=0x0000000002ee93d4
Event: 5.800 Thread 0x0000000016a42000 DEOPT PACKING pc=0x0000000002ee93d4 sp=0x0000000016e6e3b0
Event: 5.800 Thread 0x0000000016a42000 DEOPT UNPACKING pc=0x000000000289582a sp=0x0000000016e6e358 mode 2
Event: 5.800 Thread 0x0000000016a42000 Uncommon trap: trap_request=0xffffffde fr.pc=0x0000000002ee93d4
Event: 5.800 Thread 0x0000000016a42000 DEOPT PACKING pc=0x0000000002ee93d4 sp=0x0000000016e6e3b0
Event: 5.800 Thread 0x0000000016a42000 DEOPT UNPACKING pc=0x000000000289582a sp=0x0000000016e6e358 mode 2
Event: 5.822 Thread 0x0000000002750800 Uncommon trap: trap_request=0xffffff65 fr.pc=0x0000000002da91dc
Event: 5.822 Thread 0x0000000002750800 DEOPT PACKING pc=0x0000000002da91dc sp=0x000000000274e4d0
Event: 5.822 Thread 0x0000000002750800 DEOPT UNPACKING pc=0x000000000289582a sp=0x000000000274e4c8 mode 2


Dynamic libraries:
0x00007ff70ab50000 - 0x00007ff70ab87000 	C:\Program Files\Java\jdk1.8.0_51\bin\java.exe
0x00007ff844840000 - 0x00007ff844a11000 	C:\WINDOWS\SYSTEM32\ntdll.dll
0x00007ff8420c0000 - 0x00007ff84216b000 	C:\WINDOWS\System32\KERNEL32.DLL
0x00007ff840e30000 - 0x00007ff84104d000 	C:\WINDOWS\System32\KERNELBASE.dll
0x00007ff843db0000 - 0x00007ff843e52000 	C:\WINDOWS\System32\ADVAPI32.dll
0x00007ff8444c0000 - 0x00007ff84455e000 	C:\WINDOWS\System32\msvcrt.dll
0x00007ff842000000 - 0x00007ff842059000 	C:\WINDOWS\System32\sechost.dll
0x00007ff8421c0000 - 0x00007ff8422e1000 	C:\WINDOWS\System32\RPCRT4.dll
0x00007ff841dd0000 - 0x00007ff841f35000 	C:\WINDOWS\System32\USER32.dll
0x00007ff8414a0000 - 0x00007ff8414be000 	C:\WINDOWS\System32\win32u.dll
0x00007ff844800000 - 0x00007ff844834000 	C:\WINDOWS\System32\GDI32.dll
0x00007ff841ba0000 - 0x00007ff841d22000 	C:\WINDOWS\System32\gdi32full.dll
0x00007ff83b4c0000 - 0x00007ff83b739000 	C:\WINDOWS\WinSxS\amd64_microsoft.windows.common-controls_6595b64144ccf1df_6.0.14393.0_none_2d0f50fcbdb171b8\COMCTL32.dll
0x00007ff8422f0000 - 0x00007ff8425b7000 	C:\WINDOWS\System32\combase.dll
0x00007ff840d30000 - 0x00007ff840e25000 	C:\WINDOWS\System32\ucrtbase.dll
0x00007ff841430000 - 0x00007ff84149a000 	C:\WINDOWS\System32\bcryptPrimitives.dll
0x00007ff842190000 - 0x00007ff8421be000 	C:\WINDOWS\System32\IMM32.DLL
0x0000000071500000 - 0x00000000715d2000 	C:\Program Files\Java\jdk1.8.0_51\jre\bin\msvcr100.dll
0x0000000071a80000 - 0x0000000072303000 	C:\Program Files\Java\jdk1.8.0_51\jre\bin\server\jvm.dll
0x00007ff842170000 - 0x00007ff842178000 	C:\WINDOWS\System32\PSAPI.DLL
0x00007ff8322a0000 - 0x00007ff8322a9000 	C:\WINDOWS\SYSTEM32\WSOCK32.dll
0x00007ff842650000 - 0x00007ff8426ba000 	C:\WINDOWS\System32\WS2_32.dll
0x00007ff83f160000 - 0x00007ff83f183000 	C:\WINDOWS\SYSTEM32\WINMM.dll
0x00007ff83b740000 - 0x00007ff83b74a000 	C:\WINDOWS\SYSTEM32\VERSION.dll
0x0000000000cb0000 - 0x0000000000cdb000 	C:\WINDOWS\SYSTEM32\WINMMBASE.dll
0x00007ff841050000 - 0x00007ff841092000 	C:\WINDOWS\System32\cfgmgr32.dll
0x0000000072550000 - 0x000000007255f000 	C:\Program Files\Java\jdk1.8.0_51\jre\bin\verify.dll
0x0000000071970000 - 0x0000000071999000 	C:\Program Files\Java\jdk1.8.0_51\jre\bin\java.dll
0x0000000071950000 - 0x0000000071966000 	C:\Program Files\Java\jdk1.8.0_51\jre\bin\zip.dll
0x00007ff8428a0000 - 0x00007ff843da8000 	C:\WINDOWS\System32\SHELL32.dll
0x00007ff8414c0000 - 0x00007ff841b9a000 	C:\WINDOWS\System32\windows.storage.dll
0x00007ff840ce0000 - 0x00007ff840d2c000 	C:\WINDOWS\System32\powrprof.dll
0x00007ff8425c0000 - 0x00007ff842612000 	C:\WINDOWS\System32\shlwapi.dll
0x00007ff840cd0000 - 0x00007ff840cdf000 	C:\WINDOWS\System32\kernel.appcore.dll
0x00007ff8410a0000 - 0x00007ff841149000 	C:\WINDOWS\System32\shcore.dll
0x00007ff840ca0000 - 0x00007ff840cb4000 	C:\WINDOWS\System32\profapi.dll
0x00007ff837540000 - 0x00007ff8376d2000 	C:\WINDOWS\SYSTEM32\dbghelp.dll

VM Arguments:
jvm_args: -Djava.awt.headless=true -Xmx1024M -Dfile.encoding=windows-1252 -Duser.country=US -Duser.language=en -Duser.variant 
java_command: com.android.dx.command.Main --dex --force-jumbo --num-threads=4 --multi-dex --output C:\Users\Agam\AndroidStudioProjects\Simply\app\build\intermediates\transforms\dex\debug\folders\1000\10\com.android.support-appcompat-v7-23.4.0_99fd7c778552a3cc6ab42f14cb217ee9726f4947 C:\Users\Agam\AndroidStudioProjects\Simply\app\build\intermediates\exploded-aar\com.android.support\appcompat-v7\23.4.0\jars\classes.jar
java_class_path (initial): C:\Users\Agam\AppData\Local\Android\sdk\build-tools\23.0.3\lib\dx.jar
Launcher Type: SUN_STANDARD

Environment Variables:
JAVA_HOME=C:\Program Files\Java\jdk1.8.0_51
PATH=C:\ProgramData\Oracle\Java\javapath;C:\Users\Agam\gcc\bin;C:\Users\Agam\gcc\libexec\gcc\x86_64-pc-mingw32\5.2.0;C:\Program Files\Java\jdk1.8.0_51\bin;C:\WINDOWS\system32;C:\WINDOWS;C:\WINDOWS\System32\Wbem;C:\WINDOWS\System32\WindowsPowerShell\v1.0\;C:\Program Files (x86)\MySQL\MySQL Fabric 1.5 & MySQL Utilities 1.5\;C:\Program Files (x86)\MySQL\MySQL Fabric 1.5 & MySQL Utilities 1.5\Doctrine extensions for PHP\;C:\Program Files (x86)\NVIDIA Corporation\PhysX\Common;C:\Program Files (x86)\Windows Live\Shared;C:\WINDOWS\system32;C:\WINDOWS;C:\WINDOWS\System32\Wbem;C:\WINDOWS\System32\WindowsPowerShell\v1.0\;C:\Users\Agam\AppData\Local\Microsoft\WindowsApps;
USERNAME=Agam
OS=Windows_NT
PROCESSOR_IDENTIFIER=Intel64 Family 6 Model 69 Stepping 1, GenuineIntel



---------------  S Y S T E M  ---------------

OS: Windows 10.0 , 64 bit Build 14393 (10.0.14393.0)

CPU:total 4 (2 cores per cpu, 2 threads per core) family 6 model 69 stepping 1, cmov, cx8, fxsr, mmx, sse, sse2, sse3, ssse3, sse4.1, sse4.2, popcnt, avx, avx2, aes, clmul, erms, lzcnt, ht, tsc, tscinvbit, bmi1, bmi2

Memory: 4k page, physical 8318808k(1913180k free), swap 9751384k(568k free)

vm_info: Java HotSpot(TM) 64-Bit Server VM (25.51-b03) for windows-amd64 JRE (1.8.0_51-b16), built on Jun  8 2015 18:03:07 by "java_re" with MS VC++ 10.0 (VS2010)

time: Sat Oct 22 09:45:53 2016
elapsed time: 5 seconds (0d 0h 0m 5s)

