#
# There is insufficient memory for the Java Runtime Environment to continue.
# Native memory allocation (malloc) failed to allocate 1774576 bytes for Chunk::new
# Possible reasons:
#   The system is out of physical RAM or swap space
#   In 32 bit mode, the process size limit was hit
# Possible solutions:
#   Reduce memory load on the system
#   Increase physical memory or swap space
#   Check if swap backing store is full
#   Use 64 bit Java on a 64 bit OS
#   Decrease Java heap size (-Xmx/-Xms)
#   Decrease number of Java threads
#   Decrease Java thread stack sizes (-Xss)
#   Set larger code cache with -XX:ReservedCodeCacheSize=
# This output file may be truncated or incomplete.
#
#  Out of Memory Error (allocation.cpp:390), pid=4468, tid=11392
#
# JRE version: Java(TM) SE Runtime Environment (8.0_51-b16) (build 1.8.0_51-b16)
# Java VM: Java HotSpot(TM) 64-Bit Server VM (25.51-b03 mixed mode windows-amd64 compressed oops)
# Failed to write core dump. Minidumps are not enabled by default on client versions of Windows
#

---------------  T H R E A D  ---------------

Current thread (0x000000001524f800):  JavaThread "C2 CompilerThread1" daemon [_thread_in_native, id=11392, stack(0x00000000168b0000,0x00000000169b0000)]

Stack: [0x00000000168b0000,0x00000000169b0000]
Native frames: (J=compiled Java code, j=interpreted, Vv=VM code, C=native code)
V  [jvm.dll+0x32b4ca]
V  [jvm.dll+0x2797e3]
V  [jvm.dll+0x27a479]
V  [jvm.dll+0x271765]
V  [jvm.dll+0xcba02]
V  [jvm.dll+0xcbecc]
V  [jvm.dll+0x476f72]
V  [jvm.dll+0x4b95ff]
V  [jvm.dll+0x46bb38]
V  [jvm.dll+0x46cd4e]
V  [jvm.dll+0x4501a2]
V  [jvm.dll+0xa43a2]
V  [jvm.dll+0xa4cdf]
V  [jvm.dll+0x2418a4]
V  [jvm.dll+0x29846a]
C  [msvcr100.dll+0x21d9f]
C  [msvcr100.dll+0x21e3b]
C  [KERNEL32.DLL+0x8364]
C  [ntdll.dll+0x65e91]


Current CompileTask:
C2:   3031 1446   !   4       com.android.dx.cf.cst.ConstantPoolParser::parse0 (731 bytes)


---------------  P R O C E S S  ---------------

Java Threads: ( => current thread )
  0x0000000016d75000 JavaThread "pool-2-thread-4" [_thread_in_Java, id=12392, stack(0x00000000174b0000,0x00000000175b0000)]
  0x0000000016d74800 JavaThread "pool-2-thread-3" [_thread_in_Java, id=5620, stack(0x00000000173b0000,0x00000000174b0000)]
  0x0000000016d73800 JavaThread "pool-2-thread-2" [_thread_in_Java, id=5264, stack(0x00000000172b0000,0x00000000173b0000)]
  0x0000000016d71000 JavaThread "pool-3-thread-1" [_thread_blocked, id=1240, stack(0x00000000171b0000,0x00000000172b0000)]
  0x0000000016d70000 JavaThread "pool-2-thread-1" [_thread_in_Java, id=13032, stack(0x00000000170b0000,0x00000000171b0000)]
  0x0000000016acd800 JavaThread "Service Thread" daemon [_thread_blocked, id=10308, stack(0x0000000016eb0000,0x0000000016fb0000)]
  0x00000000152a0800 JavaThread "C1 CompilerThread2" daemon [_thread_blocked, id=14920, stack(0x00000000169b0000,0x0000000016ab0000)]
=>0x000000001524f800 JavaThread "C2 CompilerThread1" daemon [_thread_in_native, id=11392, stack(0x00000000168b0000,0x00000000169b0000)]
  0x000000001524c000 JavaThread "C2 CompilerThread0" daemon [_thread_in_native, id=2264, stack(0x00000000167b0000,0x00000000168b0000)]
  0x000000001524a800 JavaThread "Attach Listener" daemon [_thread_blocked, id=2584, stack(0x00000000166b0000,0x00000000167b0000)]
  0x0000000015249800 JavaThread "Signal Dispatcher" daemon [_thread_blocked, id=14708, stack(0x00000000165b0000,0x00000000166b0000)]
  0x0000000002b70800 JavaThread "Finalizer" daemon [_thread_blocked, id=12468, stack(0x00000000164b0000,0x00000000165b0000)]
  0x0000000002b6d000 JavaThread "Reference Handler" daemon [_thread_blocked, id=13624, stack(0x00000000163b0000,0x00000000164b0000)]
  0x0000000002a80800 JavaThread "main" [_thread_in_Java, id=12120, stack(0x00000000028c0000,0x00000000029c0000)]

Other Threads:
  0x0000000015218000 VMThread [stack: 0x00000000162b0000,0x00000000163b0000] [id=13712]
  0x0000000016ad0000 WatcherThread [stack: 0x0000000016fb0000,0x00000000170b0000] [id=13388]

VM state:not at safepoint (normal execution)

VM Mutex/Monitor currently owned by a thread: None

Heap:
 PSYoungGen      total 38400K, used 22104K [0x00000000eab00000, 0x00000000ef600000, 0x0000000100000000)
  eden space 33280K, 51% used [0x00000000eab00000,0x00000000ebb9c888,0x00000000ecb80000)
  from space 5120K, 99% used [0x00000000ecb80000,0x00000000ed0797f8,0x00000000ed080000)
  to   space 5120K, 0% used [0x00000000ef100000,0x00000000ef100000,0x00000000ef600000)
 ParOldGen       total 87552K, used 987K [0x00000000c0000000, 0x00000000c5580000, 0x00000000eab00000)
  object space 87552K, 1% used [0x00000000c0000000,0x00000000c00f6e00,0x00000000c5580000)
 Metaspace       used 6121K, capacity 7024K, committed 7296K, reserved 1056768K
  class space    used 592K, capacity 616K, committed 640K, reserved 1048576K

Card table byte_map: [0x0000000011f40000,0x0000000012150000] byte_map_base: 0x0000000011940000

Marking Bits: (ParMarkBitMap*) 0x000000006c824040
 Begin Bits: [0x00000000126b0000, 0x00000000136b0000)
 End Bits:   [0x00000000136b0000, 0x00000000146b0000)

Polling page: 0x00000000010a0000

CodeCache: size=245760Kb used=6004Kb max_used=6004Kb free=239755Kb
 bounds [0x0000000002b80000, 0x0000000003170000, 0x0000000011b80000]
 total_blobs=1757 nmethods=1488 adapters=182
 compilation: enabled

Compilation events (10 events):
Event: 2.929 Thread 0x00000000152a0800 1493       3       com.android.dx.dex.code.OutputCollector::<init> (34 bytes)
Event: 2.930 Thread 0x00000000152a0800 nmethod 1493 0x000000000315fa50 code [0x000000000315fbe0, 0x000000000315ff18]
Event: 2.930 Thread 0x00000000152a0800 1494       3       com.android.dx.dex.code.RopTranslator$LocalVariableAwareTranslationVisitor::<init> (17 bytes)
Event: 2.930 Thread 0x00000000152a0800 nmethod 1494 0x0000000003160090 code [0x0000000003160200, 0x0000000003160450]
Event: 2.930 Thread 0x00000000152a0800 1495       3       com.android.dx.dex.code.StdCatchBuilder::<init> (62 bytes)
Event: 2.930 Thread 0x00000000152a0800 nmethod 1495 0x0000000003160550 code [0x0000000003160700, 0x0000000003160bc8]
Event: 2.930 Thread 0x00000000152a0800 1496       3       com.android.dx.dex.code.OutputCollector::getFinisher (26 bytes)
Event: 2.931 Thread 0x00000000152a0800 nmethod 1496 0x0000000003160d90 code [0x0000000003160f20, 0x00000000031611b8]
Event: 2.931 Thread 0x00000000152a0800 1497       3       com.android.dx.dex.code.DalvCode::<init> (68 bytes)
Event: 2.931 Thread 0x00000000152a0800 nmethod 1497 0x00000000031612d0 code [0x0000000003161460, 0x0000000003161878]

GC Heap History (2 events):
Event: 2.172 GC heap before
{Heap before GC invocations=1 (full 0):
 PSYoungGen      total 38400K, used 33280K [0x00000000eab00000, 0x00000000ed580000, 0x0000000100000000)
  eden space 33280K, 100% used [0x00000000eab00000,0x00000000ecb80000,0x00000000ecb80000)
  from space 5120K, 0% used [0x00000000ed080000,0x00000000ed080000,0x00000000ed580000)
  to   space 5120K, 0% used [0x00000000ecb80000,0x00000000ecb80000,0x00000000ed080000)
 ParOldGen       total 87552K, used 0K [0x00000000c0000000, 0x00000000c5580000, 0x00000000eab00000)
  object space 87552K, 0% used [0x00000000c0000000,0x00000000c0000000,0x00000000c5580000)
 Metaspace       used 5931K, capacity 6896K, committed 7040K, reserved 1056768K
  class space    used 592K, capacity 616K, committed 640K, reserved 1048576K
Event: 2.343 GC heap after
Heap after GC invocations=1 (full 0):
 PSYoungGen      total 38400K, used 5093K [0x00000000eab00000, 0x00000000ef600000, 0x0000000100000000)
  eden space 33280K, 0% used [0x00000000eab00000,0x00000000eab00000,0x00000000ecb80000)
  from space 5120K, 99% used [0x00000000ecb80000,0x00000000ed0797f8,0x00000000ed080000)
  to   space 5120K, 0% used [0x00000000ef100000,0x00000000ef100000,0x00000000ef600000)
 ParOldGen       total 87552K, used 987K [0x00000000c0000000, 0x00000000c5580000, 0x00000000eab00000)
  object space 87552K, 1% used [0x00000000c0000000,0x00000000c00f6e00,0x00000000c5580000)
 Metaspace       used 5931K, capacity 6896K, committed 7040K, reserved 1056768K
  class space    used 592K, capacity 616K, committed 640K, reserved 1048576K
}

Deoptimization events (5 events):
Event: 0.682 Thread 0x0000000002a80800 Uncommon trap: reason=unstable_if action=reinterpret pc=0x0000000002ceb154 method=java.lang.String.compareTo(Ljava/lang/String;)I @ 38
Event: 1.745 Thread 0x0000000016d74800 Uncommon trap: reason=null_check action=make_not_entrant pc=0x0000000002e76324 method=com.android.dx.rop.type.Type.equals(Ljava/lang/Object;)Z @ 8
Event: 1.814 Thread 0x0000000016d75000 Uncommon trap: reason=unstable_if action=reinterpret pc=0x0000000002ecb8ac method=com.android.dx.rop.code.RegisterSpecSet.put(Lcom/android/dx/rop/code/RegisterSpec;)V @ 77
Event: 1.814 Thread 0x0000000016d75000 Uncommon trap: reason=unstable_if action=reinterpret pc=0x0000000002ecf2a0 method=com.android.dx.rop.code.RegisterSpecSet.put(Lcom/android/dx/rop/code/RegisterSpec;)V @ 77
Event: 1.892 Thread 0x0000000016d70000 Uncommon trap: reason=unstable_if action=reinterpret pc=0x0000000002e737c0 method=com.android.dx.rop.code.RegisterSpec.equals(ILcom/android/dx/rop/type/TypeBearer;Lcom/android/dx/rop/code/LocalItem;)Z @ 42

Internal exceptions (3 events):
Event: 0.067 Thread 0x0000000002a80800 Exception <a 'java/lang/NoSuchMethodError': Method sun.misc.Unsafe.defineClass(Ljava/lang/String;[BII)Ljava/lang/Class; name or signature does not match> (0x00000000eab0d530) thrown at [C:\re\workspace\8-2-build-windows-amd64-cygwin\jdk8u51\3951\hotspot\sršÃKXE±?
Event: 0.067 Thread 0x0000000002a80800 Exception <a 'java/lang/NoSuchMethodError': Method sun.misc.Unsafe.prefetchRead(Ljava/lang/Object;J)V name or signature does not match> (0x00000000eab0d7c0) thrown at [C:\re\workspace\8-2-build-windows-amd64-cygwin\jdk8u51\3951\hotspot\src\share\vm\prims\jãeðBeëû?
Event: 1.745 Thread 0x0000000016d74800 Implicit null exception at 0x0000000002e76222 to 0x0000000002e76315

Events (10 events):
Event: 1.879 loading class java/util/DualPivotQuicksort done
Event: 1.892 Thread 0x0000000016d70000 Uncommon trap: trap_request=0xffffff65 fr.pc=0x0000000002e737c0
Event: 1.892 Thread 0x0000000016d70000 DEOPT PACKING pc=0x0000000002e737c0 sp=0x00000000171aeb90
Event: 1.892 Thread 0x0000000016d70000 DEOPT UNPACKING pc=0x0000000002bc582a sp=0x00000000171aeb18 mode 2
Event: 2.171 Executing VM operation: ParallelGCFailedAllocation
Event: 2.343 Executing VM operation: ParallelGCFailedAllocation done
Event: 2.486 Thread 0x0000000016d70000 DEOPT PACKING pc=0x0000000002e84867 sp=0x00000000171aeb60
Event: 2.486 Thread 0x0000000016d70000 DEOPT UNPACKING pc=0x0000000002bc787f sp=0x00000000171ae8f8 mode 0
Event: 2.887 loading class com/android/dx/cf/attrib/AttExceptions
Event: 2.887 loading class com/android/dx/cf/attrib/AttExceptions done


Dynamic libraries:
0x00007ff718810000 - 0x00007ff718847000 	C:\Program Files\Java\jdk1.8.0_51\bin\java.exe
0x00007ff94c910000 - 0x00007ff94cae1000 	C:\WINDOWS\SYSTEM32\ntdll.dll
0x00007ff94b0e0000 - 0x00007ff94b18b000 	C:\WINDOWS\System32\KERNEL32.DLL
0x00007ff949b80000 - 0x00007ff949d9d000 	C:\WINDOWS\System32\KERNELBASE.dll
0x00007ff94a890000 - 0x00007ff94a932000 	C:\WINDOWS\System32\ADVAPI32.dll
0x00007ff94c700000 - 0x00007ff94c79e000 	C:\WINDOWS\System32\msvcrt.dll
0x00007ff94a390000 - 0x00007ff94a3e9000 	C:\WINDOWS\System32\sechost.dll
0x00007ff94ae60000 - 0x00007ff94af81000 	C:\WINDOWS\System32\RPCRT4.dll
0x00007ff94c7a0000 - 0x00007ff94c905000 	C:\WINDOWS\System32\USER32.dll
0x00007ff9490c0000 - 0x00007ff9490de000 	C:\WINDOWS\System32\win32u.dll
0x00007ff949fe0000 - 0x00007ff94a014000 	C:\WINDOWS\System32\GDI32.dll
0x00007ff9492a0000 - 0x00007ff949422000 	C:\WINDOWS\System32\gdi32full.dll
0x00007ff944690000 - 0x00007ff94490a000 	C:\WINDOWS\WinSxS\amd64_microsoft.windows.common-controls_6595b64144ccf1df_6.0.14393.351_none_4213128bc687e6d3\COMCTL32.dll
0x00007ff94a3f0000 - 0x00007ff94a6b7000 	C:\WINDOWS\System32\combase.dll
0x00007ff949da0000 - 0x00007ff949e95000 	C:\WINDOWS\System32\ucrtbase.dll
0x00007ff949430000 - 0x00007ff94949a000 	C:\WINDOWS\System32\bcryptPrimitives.dll
0x00007ff94ae30000 - 0x00007ff94ae5e000 	C:\WINDOWS\System32\IMM32.DLL
0x000000006ba80000 - 0x000000006bb52000 	C:\Program Files\Java\jdk1.8.0_51\jre\bin\msvcr100.dll
0x000000006c020000 - 0x000000006c8a3000 	C:\Program Files\Java\jdk1.8.0_51\jre\bin\server\jvm.dll
0x00007ff949ea0000 - 0x00007ff949ea8000 	C:\WINDOWS\System32\PSAPI.DLL
0x00007ff92b7b0000 - 0x00007ff92b7b9000 	C:\WINDOWS\SYSTEM32\WSOCK32.dll
0x00007ff94a320000 - 0x00007ff94a38a000 	C:\WINDOWS\System32\WS2_32.dll
0x00007ff9470f0000 - 0x00007ff947113000 	C:\WINDOWS\SYSTEM32\WINMM.dll
0x00007ff945bb0000 - 0x00007ff945bba000 	C:\WINDOWS\SYSTEM32\VERSION.dll
0x00000000010d0000 - 0x00000000010fb000 	C:\WINDOWS\SYSTEM32\WINMMBASE.dll
0x00007ff948fd0000 - 0x00007ff949012000 	C:\WINDOWS\System32\cfgmgr32.dll
0x000000006bf30000 - 0x000000006bf3f000 	C:\Program Files\Java\jdk1.8.0_51\jre\bin\verify.dll
0x000000006bf00000 - 0x000000006bf29000 	C:\Program Files\Java\jdk1.8.0_51\jre\bin\java.dll
0x000000006bee0000 - 0x000000006bef6000 	C:\Program Files\Java\jdk1.8.0_51\jre\bin\zip.dll
0x00007ff94b1f0000 - 0x00007ff94c6f9000 	C:\WINDOWS\System32\SHELL32.dll
0x00007ff9494a0000 - 0x00007ff949b7a000 	C:\WINDOWS\System32\windows.storage.dll
0x00007ff948d70000 - 0x00007ff948dbc000 	C:\WINDOWS\System32\powrprof.dll
0x00007ff94b190000 - 0x00007ff94b1e2000 	C:\WINDOWS\System32\shlwapi.dll
0x00007ff948dc0000 - 0x00007ff948dcf000 	C:\WINDOWS\System32\kernel.appcore.dll
0x00007ff9491f0000 - 0x00007ff949299000 	C:\WINDOWS\System32\shcore.dll
0x00007ff948de0000 - 0x00007ff948df4000 	C:\WINDOWS\System32\profapi.dll
0x00007ff9404f0000 - 0x00007ff940682000 	C:\WINDOWS\SYSTEM32\dbghelp.dll

VM Arguments:
jvm_args: -Djava.awt.headless=true -Xmx1024M -Dfile.encoding=windows-1252 -Duser.country=US -Duser.language=en -Duser.variant 
java_command: com.android.dx.command.Main --dex --force-jumbo --num-threads=4 --multi-dex --output C:\Users\Agam\AndroidStudioProjects\Simply\app\build\intermediates\transforms\dex\debug\folders\1000\10\com.android.support-appcompat-v7-23.4.0_99fd7c778552a3cc6ab42f14cb217ee9726f4947 C:\Users\Agam\AndroidStudioProjects\Simply\app\build\intermediates\exploded-aar\com.android.support\appcompat-v7\23.4.0\jars\classes.jar
java_class_path (initial): C:\Users\Agam\AppData\Local\Android\sdk\build-tools\23.0.3\lib\dx.jar
Launcher Type: SUN_STANDARD

Environment Variables:
JAVA_HOME=C:\Program Files\Java\jdk1.8.0_51
PATH=C:\ProgramData\Oracle\Java\javapath;C:\Users\Agam\gcc\bin;C:\Users\Agam\gcc\libexec\gcc\x86_64-pc-mingw32\5.2.0;C:\Program Files\Java\jdk1.8.0_51\bin;C:\WINDOWS\system32;C:\WINDOWS;C:\WINDOWS\System32\Wbem;C:\WINDOWS\System32\WindowsPowerShell\v1.0\;C:\Program Files (x86)\MySQL\MySQL Fabric 1.5 & MySQL Utilities 1.5\;C:\Program Files (x86)\MySQL\MySQL Fabric 1.5 & MySQL Utilities 1.5\Doctrine extensions for PHP\;C:\Program Files (x86)\NVIDIA Corporation\PhysX\Common;C:\Program Files (x86)\Windows Live\Shared;C:\WINDOWS\system32;C:\WINDOWS;C:\WINDOWS\System32\Wbem;C:\WINDOWS\System32\WindowsPowerShell\v1.0\;C:\Users\Agam\AppData\Local\Microsoft\WindowsApps;
USERNAME=Agam
OS=Windows_NT
PROCESSOR_IDENTIFIER=Intel64 Family 6 Model 69 Stepping 1, GenuineIntel



---------------  S Y S T E M  ---------------

OS: Windows 10.0 , 64 bit Build 14393 (10.0.14393.0)

CPU:total 4 (2 cores per cpu, 2 threads per core) family 6 model 69 stepping 1, cmov, cx8, fxsr, mmx, sse, sse2, sse3, ssse3, sse4.1, sse4.2, popcnt, avx, avx2, aes, clmul, erms, lzcnt, ht, tsc, tscinvbit, bmi1, bmi2

Memory: 4k page, physical 8318808k(1424128k free), swap 9751384k(5736k free)

vm_info: Java HotSpot(TM) 64-Bit Server VM (25.51-b03) for windows-amd64 JRE (1.8.0_51-b16), built on Jun  8 2015 18:03:07 by "java_re" with MS VC++ 10.0 (VS2010)

time: Sun Oct 30 18:37:15 2016
elapsed time: 3 seconds (0d 0h 0m 3s)

