#
# There is insufficient memory for the Java Runtime Environment to continue.
# Native memory allocation (malloc) failed to allocate 32744 bytes for ChunkPool::allocate
# Possible reasons:
#   The system is out of physical RAM or swap space
#   In 32 bit mode, the process size limit was hit
# Possible solutions:
#   Reduce memory load on the system
#   Increase physical memory or swap space
#   Check if swap backing store is full
#   Use 64 bit Java on a 64 bit OS
#   Decrease Java heap size (-Xmx/-Xms)
#   Decrease number of Java threads
#   Decrease Java thread stack sizes (-Xss)
#   Set larger code cache with -XX:ReservedCodeCacheSize=
# This output file may be truncated or incomplete.
#
#  Out of Memory Error (allocation.cpp:273), pid=14032, tid=5384
#
# JRE version: Java(TM) SE Runtime Environment (8.0_51-b16) (build 1.8.0_51-b16)
# Java VM: Java HotSpot(TM) 64-Bit Server VM (25.51-b03 mixed mode windows-amd64 compressed oops)
# Failed to write core dump. Minidumps are not enabled by default on client versions of Windows
#

---------------  T H R E A D  ---------------

Current thread (0x00000000155b2800):  JavaThread "C1 CompilerThread2" daemon [_thread_in_native, id=5384, stack(0x0000000016d10000,0x0000000016e10000)]

Stack: [0x0000000016d10000,0x0000000016e10000]
Native frames: (J=compiled Java code, j=interpreted, Vv=VM code, C=native code)
V  [jvm.dll+0x32b4ca]
V  [jvm.dll+0x2797e3]
V  [jvm.dll+0x27a479]
V  [jvm.dll+0x271765]
V  [jvm.dll+0xcb824]
V  [jvm.dll+0xcba47]
V  [jvm.dll+0xcbecc]
V  [jvm.dll+0x26fe8b]
V  [jvm.dll+0x428f5e]
V  [jvm.dll+0x4246ae]
V  [jvm.dll+0x4247f3]
V  [jvm.dll+0x4252e5]
V  [jvm.dll+0x41ce67]
V  [jvm.dll+0x425a10]
V  [jvm.dll+0x427392]
V  [jvm.dll+0x405eb0]
V  [jvm.dll+0x406280]
V  [jvm.dll+0x4063b2]
V  [jvm.dll+0x406581]
V  [jvm.dll+0x40678f]
V  [jvm.dll+0xa43a2]
V  [jvm.dll+0xa4cdf]
V  [jvm.dll+0x2418a4]
V  [jvm.dll+0x29846a]
C  [msvcr100.dll+0x21d9f]
C  [msvcr100.dll+0x21e3b]
C  [KERNEL32.DLL+0x8364]
C  [ntdll.dll+0x65e91]


Current CompileTask:
C1:    755  482   !   3       com.android.dx.cf.code.BytecodeArray::parseInstruction (2764 bytes)


---------------  P R O C E S S  ---------------

Java Threads: ( => current thread )
  0x0000000016f77800 JavaThread "pool-1-thread-1" [_thread_new, id=4000, stack(0x0000000000000000,0x0000000000000000)]
  0x0000000016e36000 JavaThread "Service Thread" daemon [_thread_blocked, id=7716, stack(0x0000000017210000,0x0000000017310000)]
=>0x00000000155b2800 JavaThread "C1 CompilerThread2" daemon [_thread_in_native, id=5384, stack(0x0000000016d10000,0x0000000016e10000)]
  0x00000000155b0000 JavaThread "C2 CompilerThread1" daemon [_thread_blocked, id=7208, stack(0x0000000016c10000,0x0000000016d10000)]
  0x00000000155ac000 JavaThread "C2 CompilerThread0" daemon [_thread_blocked, id=12160, stack(0x0000000016b10000,0x0000000016c10000)]
  0x00000000155aa800 JavaThread "Attach Listener" daemon [_thread_blocked, id=15012, stack(0x0000000016a10000,0x0000000016b10000)]
  0x00000000155a9800 JavaThread "Signal Dispatcher" daemon [_thread_blocked, id=8928, stack(0x0000000016910000,0x0000000016a10000)]
  0x0000000002ed6000 JavaThread "Finalizer" daemon [_thread_blocked, id=11856, stack(0x0000000016810000,0x0000000016910000)]
  0x0000000002ecd000 JavaThread "Reference Handler" daemon [_thread_blocked, id=11356, stack(0x0000000016710000,0x0000000016810000)]
  0x0000000002de0800 JavaThread "main" [_thread_blocked, id=12212, stack(0x0000000002c80000,0x0000000002d80000)]

Other Threads:
  0x0000000015577800 VMThread [stack: 0x0000000016610000,0x0000000016710000] [id=892]
  0x0000000016e3f800 WatcherThread [stack: 0x0000000017310000,0x0000000017410000] [id=6308]

VM state:not at safepoint (normal execution)

VM Mutex/Monitor currently owned by a thread: None

Heap:
 PSYoungGen      total 38400K, used 11010K [0x00000000eab00000, 0x00000000ed580000, 0x0000000100000000)
  eden space 33280K, 33% used [0x00000000eab00000,0x00000000eb5c0a18,0x00000000ecb80000)
  from space 5120K, 0% used [0x00000000ed080000,0x00000000ed080000,0x00000000ed580000)
  to   space 5120K, 0% used [0x00000000ecb80000,0x00000000ecb80000,0x00000000ed080000)
 ParOldGen       total 87552K, used 0K [0x00000000c0000000, 0x00000000c5580000, 0x00000000eab00000)
  object space 87552K, 0% used [0x00000000c0000000,0x00000000c0000000,0x00000000c5580000)
 Metaspace       used 5302K, capacity 6352K, committed 6528K, reserved 1056768K
  class space    used 570K, capacity 584K, committed 640K, reserved 1048576K

Card table byte_map: [0x00000000122a0000,0x00000000124b0000] byte_map_base: 0x0000000011ca0000

Marking Bits: (ParMarkBitMap*) 0x000000006c824040
 Begin Bits: [0x0000000012a10000, 0x0000000013a10000)
 End Bits:   [0x0000000013a10000, 0x0000000014a10000)

Polling page: 0x0000000000fa0000

CodeCache: size=245760Kb used=1997Kb max_used=2011Kb free=243762Kb
 bounds [0x0000000002ee0000, 0x0000000003150000, 0x0000000011ee0000]
 total_blobs=763 nmethods=495 adapters=181
 compilation: enabled

Compilation events (10 events):
Event: 0.562 Thread 0x00000000155b2800 nmethod 486 0x00000000030cc450 code [0x00000000030cc5c0, 0x00000000030cc7e8]
Event: 0.562 Thread 0x00000000155b2800  487       1       com.android.dx.rop.cst.CstLiteral32::hashCode (5 bytes)
Event: 0.562 Thread 0x00000000155b2800 nmethod 487 0x00000000030cc190 code [0x00000000030cc2e0, 0x00000000030cc3f0]
Event: 0.562 Thread 0x00000000155b2800  490       3       com.android.dx.dex.code.ZeroSizeInsn::<init> (12 bytes)
Event: 0.563 Thread 0x00000000155b2800 nmethod 490 0x00000000030cbdd0 code [0x00000000030cbf40, 0x00000000030cc0e8]
Event: 0.563 Thread 0x00000000155b2800  488       3       com.android.dx.rop.code.InsnList::set (7 bytes)
Event: 0.563 Thread 0x00000000155b2800 nmethod 488 0x00000000030cae50 code [0x00000000030cb020, 0x00000000030cb808]
Event: 0.563 Thread 0x00000000155b2800  480       3       com.android.dx.rop.code.InsnList::<init> (6 bytes)
Event: 0.563 Thread 0x00000000155b2800 nmethod 480 0x00000000030caad0 code [0x00000000030cac40, 0x00000000030cadc8]
Event: 0.563 Thread 0x00000000155b2800  482   !   3       com.android.dx.cf.code.BytecodeArray::parseInstruction (2764 bytes)

GC Heap History (0 events):
No events

Deoptimization events (1 events):
Event: 0.561 Thread 0x0000000016f7d000 Uncommon trap: reason=unstable_if action=reinterpret pc=0x00000000030cd53c method=java.util.HashMap.getNode(ILjava/lang/Object;)Ljava/util/HashMap$Node; @ 62

Internal exceptions (2 events):
Event: 0.037 Thread 0x0000000002de0800 Exception <a 'java/lang/NoSuchMethodError': Method sun.misc.Unsafe.defineClass(Ljava/lang/String;[BII)Ljava/lang/Class; name or signature does not match> (0x00000000eab0d4b0) thrown at [C:\re\workspace\8-2-build-windows-amd64-cygwin\jdk8u51\3951\hotspot\srå=ý¡ÃÎ¢?
Event: 0.037 Thread 0x0000000002de0800 Exception <a 'java/lang/NoSuchMethodError': Method sun.misc.Unsafe.prefetchRead(Ljava/lang/Object;J)V name or signature does not match> (0x00000000eab0d740) thrown at [C:\re\workspace\8-2-build-windows-amd64-cygwin\jdk8u51\3951\hotspot\src\share\vm\prims\j

Events (10 events):
Event: 0.489 Thread 0x0000000016f76800 Thread exited: 0x0000000016f76800
Event: 0.500 loading class com/android/dx/ssa/PhiInsn$Operand
Event: 0.500 loading class com/android/dx/ssa/PhiInsn$Operand done
Event: 0.522 loading class com/android/dx/ssa/back/FirstFitLocalCombiningAllocator$Multiset
Event: 0.522 loading class com/android/dx/ssa/back/FirstFitLocalCombiningAllocator$Multiset done
Event: 0.557 loading class com/android/dx/cf/code/BytecodeArray$ConstantParserVisitor
Event: 0.557 loading class com/android/dx/cf/code/BytecodeArray$ConstantParserVisitor done
Event: 0.561 Thread 0x0000000016f7d000 Uncommon trap: trap_request=0xffffff65 fr.pc=0x00000000030cd53c
Event: 0.561 Thread 0x0000000016f7d000 DEOPT PACKING pc=0x00000000030cd53c sp=0x000000001770e860
Event: 0.561 Thread 0x0000000016f7d000 DEOPT UNPACKING pc=0x0000000002f2582a sp=0x000000001770e7d8 mode 2


Dynamic libraries:
0x00007ff718810000 - 0x00007ff718847000 	C:\Program Files\Java\jdk1.8.0_51\bin\java.exe
0x00007ff94c910000 - 0x00007ff94cae1000 	C:\WINDOWS\SYSTEM32\ntdll.dll
0x00007ff94b0e0000 - 0x00007ff94b18b000 	C:\WINDOWS\System32\KERNEL32.DLL
0x00007ff949b80000 - 0x00007ff949d9d000 	C:\WINDOWS\System32\KERNELBASE.dll
0x00007ff94a890000 - 0x00007ff94a932000 	C:\WINDOWS\System32\ADVAPI32.dll
0x00007ff94c700000 - 0x00007ff94c79e000 	C:\WINDOWS\System32\msvcrt.dll
0x00007ff94a390000 - 0x00007ff94a3e9000 	C:\WINDOWS\System32\sechost.dll
0x00007ff94ae60000 - 0x00007ff94af81000 	C:\WINDOWS\System32\RPCRT4.dll
0x00007ff94c7a0000 - 0x00007ff94c905000 	C:\WINDOWS\System32\USER32.dll
0x00007ff9490c0000 - 0x00007ff9490de000 	C:\WINDOWS\System32\win32u.dll
0x00007ff949fe0000 - 0x00007ff94a014000 	C:\WINDOWS\System32\GDI32.dll
0x00007ff9492a0000 - 0x00007ff949422000 	C:\WINDOWS\System32\gdi32full.dll
0x00007ff944690000 - 0x00007ff94490a000 	C:\WINDOWS\WinSxS\amd64_microsoft.windows.common-controls_6595b64144ccf1df_6.0.14393.351_none_4213128bc687e6d3\COMCTL32.dll
0x00007ff94a3f0000 - 0x00007ff94a6b7000 	C:\WINDOWS\System32\combase.dll
0x00007ff949da0000 - 0x00007ff949e95000 	C:\WINDOWS\System32\ucrtbase.dll
0x00007ff949430000 - 0x00007ff94949a000 	C:\WINDOWS\System32\bcryptPrimitives.dll
0x00007ff94ae30000 - 0x00007ff94ae5e000 	C:\WINDOWS\System32\IMM32.DLL
0x000000006ba80000 - 0x000000006bb52000 	C:\Program Files\Java\jdk1.8.0_51\jre\bin\msvcr100.dll
0x000000006c020000 - 0x000000006c8a3000 	C:\Program Files\Java\jdk1.8.0_51\jre\bin\server\jvm.dll
0x00007ff949ea0000 - 0x00007ff949ea8000 	C:\WINDOWS\System32\PSAPI.DLL
0x00007ff9470f0000 - 0x00007ff947113000 	C:\WINDOWS\SYSTEM32\WINMM.dll
0x00007ff92b7b0000 - 0x00007ff92b7b9000 	C:\WINDOWS\SYSTEM32\WSOCK32.dll
0x00007ff945bb0000 - 0x00007ff945bba000 	C:\WINDOWS\SYSTEM32\VERSION.dll
0x00007ff94a320000 - 0x00007ff94a38a000 	C:\WINDOWS\System32\WS2_32.dll
0x00007ff9470b0000 - 0x00007ff9470db000 	C:\WINDOWS\SYSTEM32\WINMMBASE.dll
0x00007ff948fd0000 - 0x00007ff949012000 	C:\WINDOWS\System32\cfgmgr32.dll
0x000000006bf30000 - 0x000000006bf3f000 	C:\Program Files\Java\jdk1.8.0_51\jre\bin\verify.dll
0x000000006bf00000 - 0x000000006bf29000 	C:\Program Files\Java\jdk1.8.0_51\jre\bin\java.dll
0x000000006bee0000 - 0x000000006bef6000 	C:\Program Files\Java\jdk1.8.0_51\jre\bin\zip.dll
0x00007ff94b1f0000 - 0x00007ff94c6f9000 	C:\WINDOWS\System32\SHELL32.dll
0x00007ff9494a0000 - 0x00007ff949b7a000 	C:\WINDOWS\System32\windows.storage.dll
0x00007ff948d70000 - 0x00007ff948dbc000 	C:\WINDOWS\System32\powrprof.dll
0x00007ff94b190000 - 0x00007ff94b1e2000 	C:\WINDOWS\System32\shlwapi.dll
0x00007ff948dc0000 - 0x00007ff948dcf000 	C:\WINDOWS\System32\kernel.appcore.dll
0x00007ff9491f0000 - 0x00007ff949299000 	C:\WINDOWS\System32\shcore.dll
0x00007ff948de0000 - 0x00007ff948df4000 	C:\WINDOWS\System32\profapi.dll
0x00007ff9404f0000 - 0x00007ff940682000 	C:\WINDOWS\SYSTEM32\dbghelp.dll

VM Arguments:
jvm_args: -Djava.awt.headless=true -Xmx1024M -Dfile.encoding=windows-1252 -Duser.country=US -Duser.language=en -Duser.variant 
java_command: com.android.dx.command.Main --dex --force-jumbo --num-threads=4 --multi-dex --output C:\Users\Agam\AndroidStudioProjects\Simply\app\build\intermediates\transforms\dex\debug\folders\1000\10\com.github.markushi-circlebutton-1.1_9a42a1d0f8435358d85979a233bf5f854c82a07a C:\Users\Agam\AndroidStudioProjects\Simply\app\build\intermediates\exploded-aar\com.github.markushi\circlebutton\1.1\jars\classes.jar
java_class_path (initial): C:\Users\Agam\AppData\Local\Android\sdk\build-tools\23.0.3\lib\dx.jar
Launcher Type: SUN_STANDARD

Environment Variables:
JAVA_HOME=C:\Program Files\Java\jdk1.8.0_51
PATH=C:\ProgramData\Oracle\Java\javapath;C:\Users\Agam\gcc\bin;C:\Users\Agam\gcc\libexec\gcc\x86_64-pc-mingw32\5.2.0;C:\Program Files\Java\jdk1.8.0_51\bin;C:\WINDOWS\system32;C:\WINDOWS;C:\WINDOWS\System32\Wbem;C:\WINDOWS\System32\WindowsPowerShell\v1.0\;C:\Program Files (x86)\MySQL\MySQL Fabric 1.5 & MySQL Utilities 1.5\;C:\Program Files (x86)\MySQL\MySQL Fabric 1.5 & MySQL Utilities 1.5\Doctrine extensions for PHP\;C:\Program Files (x86)\NVIDIA Corporation\PhysX\Common;C:\Program Files (x86)\Windows Live\Shared;C:\WINDOWS\system32;C:\WINDOWS;C:\WINDOWS\System32\Wbem;C:\WINDOWS\System32\WindowsPowerShell\v1.0\;C:\Users\Agam\AppData\Local\Microsoft\WindowsApps;
USERNAME=Agam
OS=Windows_NT
PROCESSOR_IDENTIFIER=Intel64 Family 6 Model 69 Stepping 1, GenuineIntel



---------------  S Y S T E M  ---------------

OS: Windows 10.0 , 64 bit Build 14393 (10.0.14393.0)

CPU:total 4 (2 cores per cpu, 2 threads per core) family 6 model 69 stepping 1, cmov, cx8, fxsr, mmx, sse, sse2, sse3, ssse3, sse4.1, sse4.2, popcnt, avx, avx2, aes, clmul, erms, lzcnt, ht, tsc, tscinvbit, bmi1, bmi2

Memory: 4k page, physical 8318808k(1325756k free), swap 9751384k(246796k free)

vm_info: Java HotSpot(TM) 64-Bit Server VM (25.51-b03) for windows-amd64 JRE (1.8.0_51-b16), built on Jun  8 2015 18:03:07 by "java_re" with MS VC++ 10.0 (VS2010)

time: Sun Oct 30 18:35:48 2016
elapsed time: 0 seconds (0d 0h 0m 0s)

