#
# There is insufficient memory for the Java Runtime Environment to continue.
# Native memory allocation (malloc) failed to allocate 69376 bytes for Chunk::new
# Possible reasons:
#   The system is out of physical RAM or swap space
#   In 32 bit mode, the process size limit was hit
# Possible solutions:
#   Reduce memory load on the system
#   Increase physical memory or swap space
#   Check if swap backing store is full
#   Use 64 bit Java on a 64 bit OS
#   Decrease Java heap size (-Xmx/-Xms)
#   Decrease number of Java threads
#   Decrease Java thread stack sizes (-Xss)
#   Set larger code cache with -XX:ReservedCodeCacheSize=
# This output file may be truncated or incomplete.
#
#  Out of Memory Error (allocation.cpp:390), pid=6248, tid=10576
#
# JRE version: Java(TM) SE Runtime Environment (8.0_51-b16) (build 1.8.0_51-b16)
# Java VM: Java HotSpot(TM) 64-Bit Server VM (25.51-b03 mixed mode windows-amd64 compressed oops)
# Failed to write core dump. Minidumps are not enabled by default on client versions of Windows
#

---------------  T H R E A D  ---------------

Current thread (0x00000000151ac800):  JavaThread "C2 CompilerThread0" daemon [_thread_in_native, id=10576, stack(0x0000000016710000,0x0000000016810000)]

Stack: [0x0000000016710000,0x0000000016810000]
Native frames: (J=compiled Java code, j=interpreted, Vv=VM code, C=native code)
V  [jvm.dll+0x32b4ca]


Current CompileTask:
C2:   6004 1182       4       com.android.dx.rop.code.RegisterSpecSet::mutableCopy (57 bytes)


---------------  P R O C E S S  ---------------

Java Threads: ( => current thread )
  0x0000000016ded000 JavaThread "pool-2-thread-4" [_thread_in_Java, id=10264, stack(0x0000000017410000,0x0000000017510000)]
  0x0000000016dec000 JavaThread "pool-2-thread-3" [_thread_blocked, id=8344, stack(0x0000000017310000,0x0000000017410000)]
  0x0000000016de8800 JavaThread "pool-2-thread-2" [_thread_in_Java, id=6584, stack(0x0000000017210000,0x0000000017310000)]
  0x0000000016de1800 JavaThread "pool-3-thread-1" [_thread_blocked, id=12512, stack(0x0000000017110000,0x0000000017210000)]
  0x0000000016cb9800 JavaThread "pool-2-thread-1" [_thread_blocked, id=4588, stack(0x0000000017010000,0x0000000017110000)]
  0x0000000016a16800 JavaThread "Service Thread" daemon [_thread_blocked, id=11984, stack(0x0000000016e10000,0x0000000016f10000)]
  0x000000001520c000 JavaThread "C1 CompilerThread2" daemon [_thread_blocked, id=18344, stack(0x0000000016910000,0x0000000016a10000)]
  0x00000000151af800 JavaThread "C2 CompilerThread1" daemon [_thread_blocked, id=8228, stack(0x0000000016810000,0x0000000016910000)]
=>0x00000000151ac800 JavaThread "C2 CompilerThread0" daemon [_thread_in_native, id=10576, stack(0x0000000016710000,0x0000000016810000)]
  0x00000000151aa800 JavaThread "Attach Listener" daemon [_thread_blocked, id=17464, stack(0x0000000016610000,0x0000000016710000)]
  0x00000000151a9800 JavaThread "Signal Dispatcher" daemon [_thread_blocked, id=12908, stack(0x0000000016510000,0x0000000016610000)]
  0x0000000002ad0800 JavaThread "Finalizer" daemon [_thread_blocked, id=18684, stack(0x0000000016410000,0x0000000016510000)]
  0x0000000002acd000 JavaThread "Reference Handler" daemon [_thread_blocked, id=18532, stack(0x0000000016310000,0x0000000016410000)]
  0x00000000029e0800 JavaThread "main" [_thread_in_Java, id=2216, stack(0x00000000028e0000,0x00000000029e0000)]

Other Threads:
  0x0000000015178000 VMThread [stack: 0x0000000016210000,0x0000000016310000] [id=16620]
  0x0000000016a17000 WatcherThread [stack: 0x0000000016f10000,0x0000000017010000] [id=8072]

VM state:not at safepoint (normal execution)

VM Mutex/Monitor currently owned by a thread: None

Heap:
 PSYoungGen      total 38400K, used 15711K [0x00000000eab00000, 0x00000000ed580000, 0x0000000100000000)
  eden space 33280K, 31% used [0x00000000eab00000,0x00000000eb560d38,0x00000000ecb80000)
  from space 5120K, 99% used [0x00000000ecb80000,0x00000000ed076ee0,0x00000000ed080000)
  to   space 5120K, 0% used [0x00000000ed080000,0x00000000ed080000,0x00000000ed580000)
 ParOldGen       total 87552K, used 0K [0x00000000c0000000, 0x00000000c5580000, 0x00000000eab00000)
  object space 87552K, 0% used [0x00000000c0000000,0x00000000c0000000,0x00000000c5580000)
 Metaspace       used 5936K, capacity 6896K, committed 7040K, reserved 1056768K
  class space    used 592K, capacity 616K, committed 640K, reserved 1048576K

Card table byte_map: [0x0000000011ea0000,0x00000000120b0000] byte_map_base: 0x00000000118a0000

Marking Bits: (ParMarkBitMap*) 0x0000000072284040
 Begin Bits: [0x0000000012610000, 0x0000000013610000)
 End Bits:   [0x0000000013610000, 0x0000000014610000)

Polling page: 0x00000000009f0000

CodeCache: size=245760Kb used=4518Kb max_used=4529Kb free=241241Kb
 bounds [0x0000000002ae0000, 0x0000000002f50000, 0x0000000011ae0000]
 total_blobs=1449 nmethods=1179 adapters=182
 compilation: disabled (not enough contiguous free space left)

Compilation events (10 events):
Event: 5.907 Thread 0x000000001520c000 nmethod 1161 0x0000000002f0a5d0 code [0x0000000002f0a720, 0x0000000002f0a850]
Event: 5.907 Thread 0x000000001520c000 1162   !   3       java.lang.ref.ReferenceQueue::enqueue (119 bytes)
Event: 5.908 Thread 0x000000001520c000 nmethod 1162 0x0000000002f41bd0 code [0x0000000002f41d60, 0x0000000002f424c8]
Event: 5.908 Thread 0x000000001520c000 1167       3       java.lang.ref.ReferenceQueue::reallyPoll (66 bytes)
Event: 5.908 Thread 0x000000001520c000 nmethod 1167 0x0000000002f41510 code [0x0000000002f41680, 0x0000000002f41af0]
Event: 5.908 Thread 0x000000001520c000 1165       3       java.lang.ref.Finalizer::access$000 (4 bytes)
Event: 5.908 Thread 0x000000001520c000 nmethod 1165 0x0000000002f3c890 code [0x0000000002f3c9e0, 0x0000000002f3cb10]
Event: 5.908 Thread 0x000000001520c000 1166       3       java.lang.ref.ReferenceQueue::remove (6 bytes)
Event: 5.908 Thread 0x000000001520c000 nmethod 1166 0x0000000002f41110 code [0x0000000002f41280, 0x0000000002f41488]
Event: 5.908 Thread 0x000000001520c000 1164   !   3       java.util.zip.ZipFile$ZipFileInflaterInputStream::close (67 bytes)

GC Heap History (2 events):
Event: 5.581 GC heap before
{Heap before GC invocations=1 (full 0):
 PSYoungGen      total 38400K, used 33280K [0x00000000eab00000, 0x00000000ed580000, 0x0000000100000000)
  eden space 33280K, 100% used [0x00000000eab00000,0x00000000ecb80000,0x00000000ecb80000)
  from space 5120K, 0% used [0x00000000ed080000,0x00000000ed080000,0x00000000ed580000)
  to   space 5120K, 0% used [0x00000000ecb80000,0x00000000ecb80000,0x00000000ed080000)
 ParOldGen       total 87552K, used 0K [0x00000000c0000000, 0x00000000c5580000, 0x00000000eab00000)
  object space 87552K, 0% used [0x00000000c0000000,0x00000000c0000000,0x00000000c5580000)
 Metaspace       used 5891K, capacity 6832K, committed 7040K, reserved 1056768K
  class space    used 590K, capacity 616K, committed 640K, reserved 1048576K
Event: 5.891 GC heap after
Heap after GC invocations=1 (full 0):
 PSYoungGen      total 38400K, used 5083K [0x00000000eab00000, 0x00000000ed580000, 0x0000000100000000)
  eden space 33280K, 0% used [0x00000000eab00000,0x00000000eab00000,0x00000000ecb80000)
  from space 5120K, 99% used [0x00000000ecb80000,0x00000000ed076ee0,0x00000000ed080000)
  to   space 5120K, 0% used [0x00000000ed080000,0x00000000ed080000,0x00000000ed580000)
 ParOldGen       total 87552K, used 0K [0x00000000c0000000, 0x00000000c5580000, 0x00000000eab00000)
  object space 87552K, 0% used [0x00000000c0000000,0x00000000c0000000,0x00000000c5580000)
 Metaspace       used 5891K, capacity 6832K, committed 7040K, reserved 1056768K
  class space    used 590K, capacity 616K, committed 640K, reserved 1048576K
}

Deoptimization events (6 events):
Event: 1.068 Thread 0x00000000029e0800 Uncommon trap: reason=unstable_if action=reinterpret pc=0x0000000002c6a954 method=java.lang.String.compareTo(Ljava/lang/String;)I @ 38
Event: 3.623 Thread 0x0000000016ded000 Uncommon trap: reason=unstable_if action=reinterpret pc=0x0000000002ce5fc0 method=java.util.HashMap.getNode(ILjava/lang/Object;)Ljava/util/HashMap$Node; @ 62
Event: 4.157 Thread 0x00000000029e0800 Uncommon trap: reason=unstable_if action=reinterpret pc=0x0000000002d2872c method=java.util.HashMap.getNode(ILjava/lang/Object;)Ljava/util/HashMap$Node; @ 62
Event: 5.091 Thread 0x0000000016de8800 Uncommon trap: reason=class_check action=maybe_recompile pc=0x0000000002eda124 method=com.android.dx.rop.type.Type.equals(Ljava/lang/Object;)Z @ 8
Event: 5.096 Thread 0x0000000016de8800 Uncommon trap: reason=null_check action=make_not_entrant pc=0x0000000002eda134 method=com.android.dx.rop.type.Type.equals(Ljava/lang/Object;)Z @ 8
Event: 5.897 Thread 0x0000000016de8800 Uncommon trap: reason=unstable_if action=reinterpret pc=0x0000000002d33a70 method=java.util.BitSet.nextSetBit(I)I @ 87

Internal exceptions (3 events):
Event: 0.093 Thread 0x00000000029e0800 Exception <a 'java/lang/NoSuchMethodError': Method sun.misc.Unsafe.defineClass(Ljava/lang/String;[BII)Ljava/lang/Class; name or signature does not match> (0x00000000eab0d528) thrown at [C:\re\workspace\8-2-build-windows-amd64-cygwin\jdk8u51\3951\hotspot\srvúî±¹ô·?
Event: 0.094 Thread 0x00000000029e0800 Exception <a 'java/lang/NoSuchMethodError': Method sun.misc.Unsafe.prefetchRead(Ljava/lang/Object;J)V name or signature does not match> (0x00000000eab0d7b8) thrown at [C:\re\workspace\8-2-build-windows-amd64-cygwin\jdk8u51\3951\hotspot\src\share\vm\prims\j,×k~ab@
Event: 5.096 Thread 0x0000000016de8800 Implicit null exception at 0x0000000002eda022 to 0x0000000002eda125

Events (10 events):
Event: 5.091 Thread 0x0000000016de8800 DEOPT PACKING pc=0x0000000002eda124 sp=0x000000001730e710
Event: 5.091 Thread 0x0000000016de8800 DEOPT UNPACKING pc=0x0000000002b2582a sp=0x000000001730e6a8 mode 2
Event: 5.096 Thread 0x0000000016de8800 Uncommon trap: trap_request=0xfffffff4 fr.pc=0x0000000002eda134
Event: 5.096 Thread 0x0000000016de8800 DEOPT PACKING pc=0x0000000002eda134 sp=0x000000001730e6c0
Event: 5.096 Thread 0x0000000016de8800 DEOPT UNPACKING pc=0x0000000002b2582a sp=0x000000001730e658 mode 2
Event: 5.097 Executing VM operation: ParallelGCFailedAllocation
Event: 5.891 Executing VM operation: ParallelGCFailedAllocation done
Event: 5.897 Thread 0x0000000016de8800 Uncommon trap: trap_request=0xffffff65 fr.pc=0x0000000002d33a70
Event: 5.897 Thread 0x0000000016de8800 DEOPT PACKING pc=0x0000000002d33a70 sp=0x000000001730eb40
Event: 5.897 Thread 0x0000000016de8800 DEOPT UNPACKING pc=0x0000000002b2582a sp=0x000000001730ead8 mode 2


Dynamic libraries:
0x00007ff70ab50000 - 0x00007ff70ab87000 	C:\Program Files\Java\jdk1.8.0_51\bin\java.exe
0x00007ff844840000 - 0x00007ff844a11000 	C:\WINDOWS\SYSTEM32\ntdll.dll
0x00007ff8420c0000 - 0x00007ff84216b000 	C:\WINDOWS\System32\KERNEL32.DLL
0x00007ff840e30000 - 0x00007ff84104d000 	C:\WINDOWS\System32\KERNELBASE.dll
0x00007ff843db0000 - 0x00007ff843e52000 	C:\WINDOWS\System32\ADVAPI32.dll
0x00007ff8444c0000 - 0x00007ff84455e000 	C:\WINDOWS\System32\msvcrt.dll
0x00007ff842000000 - 0x00007ff842059000 	C:\WINDOWS\System32\sechost.dll
0x00007ff8421c0000 - 0x00007ff8422e1000 	C:\WINDOWS\System32\RPCRT4.dll
0x00007ff841dd0000 - 0x00007ff841f35000 	C:\WINDOWS\System32\USER32.dll
0x00007ff8414a0000 - 0x00007ff8414be000 	C:\WINDOWS\System32\win32u.dll
0x00007ff844800000 - 0x00007ff844834000 	C:\WINDOWS\System32\GDI32.dll
0x00007ff841ba0000 - 0x00007ff841d22000 	C:\WINDOWS\System32\gdi32full.dll
0x00007ff83b4c0000 - 0x00007ff83b739000 	C:\WINDOWS\WinSxS\amd64_microsoft.windows.common-controls_6595b64144ccf1df_6.0.14393.0_none_2d0f50fcbdb171b8\COMCTL32.dll
0x00007ff8422f0000 - 0x00007ff8425b7000 	C:\WINDOWS\System32\combase.dll
0x00007ff840d30000 - 0x00007ff840e25000 	C:\WINDOWS\System32\ucrtbase.dll
0x00007ff841430000 - 0x00007ff84149a000 	C:\WINDOWS\System32\bcryptPrimitives.dll
0x00007ff842190000 - 0x00007ff8421be000 	C:\WINDOWS\System32\IMM32.DLL
0x0000000071500000 - 0x00000000715d2000 	C:\Program Files\Java\jdk1.8.0_51\jre\bin\msvcr100.dll
0x0000000071a80000 - 0x0000000072303000 	C:\Program Files\Java\jdk1.8.0_51\jre\bin\server\jvm.dll
0x00007ff842170000 - 0x00007ff842178000 	C:\WINDOWS\System32\PSAPI.DLL
0x00007ff8322a0000 - 0x00007ff8322a9000 	C:\WINDOWS\SYSTEM32\WSOCK32.dll
0x00007ff842650000 - 0x00007ff8426ba000 	C:\WINDOWS\System32\WS2_32.dll
0x00007ff83f160000 - 0x00007ff83f183000 	C:\WINDOWS\SYSTEM32\WINMM.dll
0x00007ff83b740000 - 0x00007ff83b74a000 	C:\WINDOWS\SYSTEM32\VERSION.dll
0x00007ff83f100000 - 0x00007ff83f12b000 	C:\WINDOWS\SYSTEM32\WINMMBASE.dll
0x00007ff841050000 - 0x00007ff841092000 	C:\WINDOWS\System32\cfgmgr32.dll
0x0000000072550000 - 0x000000007255f000 	C:\Program Files\Java\jdk1.8.0_51\jre\bin\verify.dll
0x0000000071970000 - 0x0000000071999000 	C:\Program Files\Java\jdk1.8.0_51\jre\bin\java.dll
0x0000000071950000 - 0x0000000071966000 	C:\Program Files\Java\jdk1.8.0_51\jre\bin\zip.dll
0x00007ff8428a0000 - 0x00007ff843da8000 	C:\WINDOWS\System32\SHELL32.dll
0x00007ff8414c0000 - 0x00007ff841b9a000 	C:\WINDOWS\System32\windows.storage.dll
0x00007ff840ce0000 - 0x00007ff840d2c000 	C:\WINDOWS\System32\powrprof.dll
0x00007ff8425c0000 - 0x00007ff842612000 	C:\WINDOWS\System32\shlwapi.dll
0x00007ff840cd0000 - 0x00007ff840cdf000 	C:\WINDOWS\System32\kernel.appcore.dll
0x00007ff8410a0000 - 0x00007ff841149000 	C:\WINDOWS\System32\shcore.dll
0x00007ff840ca0000 - 0x00007ff840cb4000 	C:\WINDOWS\System32\profapi.dll

VM Arguments:
jvm_args: -Djava.awt.headless=true -Xmx1024M -Dfile.encoding=windows-1252 -Duser.country=US -Duser.language=en -Duser.variant 
java_command: com.android.dx.command.Main --dex --force-jumbo --num-threads=4 --multi-dex --output C:\Users\Agam\AndroidStudioProjects\Simply\app\build\intermediates\transforms\dex\debug\folders\1000\10\com.android.support-support-v4-23.4.0_9dc4d83a6572fab6600dc887fdb85bc84ef0916b C:\Users\Agam\AndroidStudioProjects\Simply\app\build\intermediates\exploded-aar\com.android.support\support-v4\23.4.0\jars\classes.jar
java_class_path (initial): C:\Users\Agam\AppData\Local\Android\sdk\build-tools\23.0.3\lib\dx.jar
Launcher Type: SUN_STANDARD

Environment Variables:
JAVA_HOME=C:\Program Files\Java\jdk1.8.0_51
PATH=C:\ProgramData\Oracle\Java\javapath;C:\Users\Agam\gcc\bin;C:\Users\Agam\gcc\libexec\gcc\x86_64-pc-mingw32\5.2.0;C:\Program Files\Java\jdk1.8.0_51\bin;C:\WINDOWS\system32;C:\WINDOWS;C:\WINDOWS\System32\Wbem;C:\WINDOWS\System32\WindowsPowerShell\v1.0\;C:\Program Files (x86)\MySQL\MySQL Fabric 1.5 & MySQL Utilities 1.5\;C:\Program Files (x86)\MySQL\MySQL Fabric 1.5 & MySQL Utilities 1.5\Doctrine extensions for PHP\;C:\Program Files (x86)\NVIDIA Corporation\PhysX\Common;C:\Program Files (x86)\Windows Live\Shared;C:\WINDOWS\system32;C:\WINDOWS;C:\WINDOWS\System32\Wbem;C:\WINDOWS\System32\WindowsPowerShell\v1.0\;C:\Users\Agam\AppData\Local\Microsoft\WindowsApps;
USERNAME=Agam
OS=Windows_NT
PROCESSOR_IDENTIFIER=Intel64 Family 6 Model 69 Stepping 1, GenuineIntel



---------------  S Y S T E M  ---------------

OS: Windows 10.0 , 64 bit Build 14393 (10.0.14393.0)

CPU:total 4 (2 cores per cpu, 2 threads per core) family 6 model 69 stepping 1, cmov, cx8, fxsr, mmx, sse, sse2, sse3, ssse3, sse4.1, sse4.2, popcnt, avx, avx2, aes, clmul, erms, lzcnt, ht, tsc, tscinvbit, bmi1, bmi2

Memory: 4k page, physical 8318808k(1914116k free), swap 9751384k(568k free)

vm_info: Java HotSpot(TM) 64-Bit Server VM (25.51-b03) for windows-amd64 JRE (1.8.0_51-b16), built on Jun  8 2015 18:03:07 by "java_re" with MS VC++ 10.0 (VS2010)

time: Sat Oct 22 09:45:53 2016
elapsed time: 6 seconds (0d 0h 0m 6s)

